<?xml version="1.0" encoding="UTF-8"?>
<testsuite xmlns:xsi="http://www.w3.org/2001/XMLSchema-instance" xsi:noNamespaceSchemaLocation="https://maven.apache.org/surefire/maven-surefire-plugin/xsd/surefire-test-report.xsd" version="3.0.1" name="test.checks.abc" time="1.519" tests="1" errors="0" skipped="0" failures="1">
  <properties>
    <property name="java.specification.version" value="21"/>
    <property name="sun.jnu.encoding" value="UTF-8"/>
    <property name="java.class.path" value="/build/target/test-classes:/build/target/classes:/var/maven/.m2/repository/org/sonarsource/api/plugin/sonar-plugin-api/9.14.0.375/sonar-plugin-api-9.14.0.375.jar:/var/maven/.m2/repository/org/slf4j/slf4j-api/1.7.30/slf4j-api-1.7.30.jar:/var/maven/.m2/repository/org/sonarsource/java/sonar-java-plugin/7.28.0.33738/sonar-java-plugin-7.28.0.33738.jar:/var/maven/.m2/repository/org/sonarsource/java/java-surefire/7.28.0.33738/java-surefire-7.28.0.33738.jar:/var/maven/.m2/repository/com/fasterxml/staxmate/staxmate/2.4.0/staxmate-2.4.0.jar:/var/maven/.m2/repository/org/codehaus/woodstox/stax2-api/4.2.1/stax2-api-4.2.1.jar:/var/maven/.m2/repository/org/sonarsource/java/java-frontend/7.28.0.33738/java-frontend-7.28.0.33738.jar:/var/maven/.m2/repository/org/sonarsource/java/jdt/7.28.0.33738/jdt-7.28.0.33738-shaded.jar:/var/maven/.m2/repository/org/sonarsource/sslr/sslr-core/1.24.0.633/sslr-core-1.24.0.633.jar:/var/maven/.m2/repository/org/apache/commons/commons-lang3/3.12.0/commons-lang3-3.12.0.jar:/var/maven/.m2/repository/org/sonarsource/analyzer-commons/sonar-regex-parsing/2.7.0.1482/sonar-regex-parsing-2.7.0.1482.jar:/var/maven/.m2/repository/org/sonarsource/java/java-symbolic-execution/7.28.0.33738/java-symbolic-execution-7.28.0.33738.jar:/var/maven/.m2/repository/org/sonarsource/java/java-checks/7.28.0.33738/java-checks-7.28.0.33738.jar:/var/maven/.m2/repository/org/sonarsource/analyzer-commons/sonar-analyzer-recognizers/2.7.0.1482/sonar-analyzer-recognizers-2.7.0.1482.jar:/var/maven/.m2/repository/org/sonarsource/java/external-reports/7.28.0.33738/external-reports-7.28.0.33738.jar:/var/maven/.m2/repository/org/sonarsource/java/java-jsp/7.28.0.33738/java-jsp-7.28.0.33738.jar:/var/maven/.m2/repository/org/apache/tomcat/embed/tomcat-embed-jasper/9.0.81/tomcat-embed-jasper-9.0.81.jar:/var/maven/.m2/repository/org/apache/tomcat/embed/tomcat-embed-core/9.0.81/tomcat-embed-core-9.0.81.jar:/var/maven/.m2/repository/org/apache/tomcat/tomcat-annotations-api/9.0.81/tomcat-annotations-api-9.0.81.jar:/var/maven/.m2/repository/org/apache/tomcat/embed/tomcat-embed-el/9.0.81/tomcat-embed-el-9.0.81.jar:/var/maven/.m2/repository/org/sonarsource/analyzer-commons/sonar-xml-parsing/2.7.0.1482/sonar-xml-parsing-2.7.0.1482.jar:/var/maven/.m2/repository/com/google/code/findbugs/jsr305/3.0.2/jsr305-3.0.2.jar:/var/maven/.m2/repository/xerces/xercesImpl/2.12.2/xercesImpl-2.12.2.jar:/var/maven/.m2/repository/xml-apis/xml-apis/1.4.01/xml-apis-1.4.01.jar:/var/maven/.m2/repository/com/fasterxml/woodstox/woodstox-core/6.4.0/woodstox-core-6.4.0.jar:/var/maven/.m2/repository/org/sonarsource/analyzer-commons/sonar-performance-measure/2.7.0.1482/sonar-performance-measure-2.7.0.1482.jar:/var/maven/.m2/repository/org/sonarsource/analyzer-commons/sonar-analyzer-commons/1.24.0.965/sonar-analyzer-commons-1.24.0.965.jar:/var/maven/.m2/repository/org/sonarsource/java/java-checks-testkit/7.28.0.33738/java-checks-testkit-7.28.0.33738.jar:/var/maven/.m2/repository/com/google/code/gson/gson/2.8.9/gson-2.8.9.jar:/var/maven/.m2/repository/org/junit/jupiter/junit-jupiter/5.11.0-M2/junit-jupiter-5.11.0-M2.jar:/var/maven/.m2/repository/org/junit/jupiter/junit-jupiter-api/5.11.0-M2/junit-jupiter-api-5.11.0-M2.jar:/var/maven/.m2/repository/org/opentest4j/opentest4j/1.3.0/opentest4j-1.3.0.jar:/var/maven/.m2/repository/org/junit/platform/junit-platform-commons/1.11.0-M2/junit-platform-commons-1.11.0-M2.jar:/var/maven/.m2/repository/org/apiguardian/apiguardian-api/1.1.2/apiguardian-api-1.1.2.jar:/var/maven/.m2/repository/org/junit/jupiter/junit-jupiter-params/5.11.0-M2/junit-jupiter-params-5.11.0-M2.jar:/var/maven/.m2/repository/org/junit/jupiter/junit-jupiter-engine/5.11.0-M2/junit-jupiter-engine-5.11.0-M2.jar:/var/maven/.m2/repository/org/junit/platform/junit-platform-engine/1.11.0-M2/junit-platform-engine-1.11.0-M2.jar:/var/maven/.m2/repository/org/assertj/assertj-core/3.23.1/assertj-core-3.23.1.jar:/var/maven/.m2/repository/net/bytebuddy/byte-buddy/1.12.10/byte-buddy-1.12.10.jar:"/>
    <property name="java.vm.vendor" value="Eclipse Adoptium"/>
    <property name="sun.arch.data.model" value="64"/>
    <property name="java.vendor.url" value="https://adoptium.net/"/>
    <property name="os.name" value="Linux"/>
    <property name="java.vm.specification.version" value="21"/>
    <property name="sun.java.launcher" value="SUN_STANDARD"/>
    <property name="user.country" value="US"/>
    <property name="sun.boot.library.path" value="/opt/java/openjdk/lib"/>
    <property name="sun.java.command" value="/build/target/surefire/surefirebooter-20240618095024877_3.jar /build/target/surefire 2024-06-18T09-50-24_818-jvmRun1 surefire-20240618095024877_1tmp surefire_0-20240618095024877_2tmp"/>
    <property name="jdk.debug" value="release"/>
    <property name="surefire.test.class.path" value="/build/target/test-classes:/build/target/classes:/var/maven/.m2/repository/org/sonarsource/api/plugin/sonar-plugin-api/9.14.0.375/sonar-plugin-api-9.14.0.375.jar:/var/maven/.m2/repository/org/slf4j/slf4j-api/1.7.30/slf4j-api-1.7.30.jar:/var/maven/.m2/repository/org/sonarsource/java/sonar-java-plugin/7.28.0.33738/sonar-java-plugin-7.28.0.33738.jar:/var/maven/.m2/repository/org/sonarsource/java/java-surefire/7.28.0.33738/java-surefire-7.28.0.33738.jar:/var/maven/.m2/repository/com/fasterxml/staxmate/staxmate/2.4.0/staxmate-2.4.0.jar:/var/maven/.m2/repository/org/codehaus/woodstox/stax2-api/4.2.1/stax2-api-4.2.1.jar:/var/maven/.m2/repository/org/sonarsource/java/java-frontend/7.28.0.33738/java-frontend-7.28.0.33738.jar:/var/maven/.m2/repository/org/sonarsource/java/jdt/7.28.0.33738/jdt-7.28.0.33738-shaded.jar:/var/maven/.m2/repository/org/sonarsource/sslr/sslr-core/1.24.0.633/sslr-core-1.24.0.633.jar:/var/maven/.m2/repository/org/apache/commons/commons-lang3/3.12.0/commons-lang3-3.12.0.jar:/var/maven/.m2/repository/org/sonarsource/analyzer-commons/sonar-regex-parsing/2.7.0.1482/sonar-regex-parsing-2.7.0.1482.jar:/var/maven/.m2/repository/org/sonarsource/java/java-symbolic-execution/7.28.0.33738/java-symbolic-execution-7.28.0.33738.jar:/var/maven/.m2/repository/org/sonarsource/java/java-checks/7.28.0.33738/java-checks-7.28.0.33738.jar:/var/maven/.m2/repository/org/sonarsource/analyzer-commons/sonar-analyzer-recognizers/2.7.0.1482/sonar-analyzer-recognizers-2.7.0.1482.jar:/var/maven/.m2/repository/org/sonarsource/java/external-reports/7.28.0.33738/external-reports-7.28.0.33738.jar:/var/maven/.m2/repository/org/sonarsource/java/java-jsp/7.28.0.33738/java-jsp-7.28.0.33738.jar:/var/maven/.m2/repository/org/apache/tomcat/embed/tomcat-embed-jasper/9.0.81/tomcat-embed-jasper-9.0.81.jar:/var/maven/.m2/repository/org/apache/tomcat/embed/tomcat-embed-core/9.0.81/tomcat-embed-core-9.0.81.jar:/var/maven/.m2/repository/org/apache/tomcat/tomcat-annotations-api/9.0.81/tomcat-annotations-api-9.0.81.jar:/var/maven/.m2/repository/org/apache/tomcat/embed/tomcat-embed-el/9.0.81/tomcat-embed-el-9.0.81.jar:/var/maven/.m2/repository/org/sonarsource/analyzer-commons/sonar-xml-parsing/2.7.0.1482/sonar-xml-parsing-2.7.0.1482.jar:/var/maven/.m2/repository/com/google/code/findbugs/jsr305/3.0.2/jsr305-3.0.2.jar:/var/maven/.m2/repository/xerces/xercesImpl/2.12.2/xercesImpl-2.12.2.jar:/var/maven/.m2/repository/xml-apis/xml-apis/1.4.01/xml-apis-1.4.01.jar:/var/maven/.m2/repository/com/fasterxml/woodstox/woodstox-core/6.4.0/woodstox-core-6.4.0.jar:/var/maven/.m2/repository/org/sonarsource/analyzer-commons/sonar-performance-measure/2.7.0.1482/sonar-performance-measure-2.7.0.1482.jar:/var/maven/.m2/repository/org/sonarsource/analyzer-commons/sonar-analyzer-commons/1.24.0.965/sonar-analyzer-commons-1.24.0.965.jar:/var/maven/.m2/repository/org/sonarsource/java/java-checks-testkit/7.28.0.33738/java-checks-testkit-7.28.0.33738.jar:/var/maven/.m2/repository/com/google/code/gson/gson/2.8.9/gson-2.8.9.jar:/var/maven/.m2/repository/org/junit/jupiter/junit-jupiter/5.11.0-M2/junit-jupiter-5.11.0-M2.jar:/var/maven/.m2/repository/org/junit/jupiter/junit-jupiter-api/5.11.0-M2/junit-jupiter-api-5.11.0-M2.jar:/var/maven/.m2/repository/org/opentest4j/opentest4j/1.3.0/opentest4j-1.3.0.jar:/var/maven/.m2/repository/org/junit/platform/junit-platform-commons/1.11.0-M2/junit-platform-commons-1.11.0-M2.jar:/var/maven/.m2/repository/org/apiguardian/apiguardian-api/1.1.2/apiguardian-api-1.1.2.jar:/var/maven/.m2/repository/org/junit/jupiter/junit-jupiter-params/5.11.0-M2/junit-jupiter-params-5.11.0-M2.jar:/var/maven/.m2/repository/org/junit/jupiter/junit-jupiter-engine/5.11.0-M2/junit-jupiter-engine-5.11.0-M2.jar:/var/maven/.m2/repository/org/junit/platform/junit-platform-engine/1.11.0-M2/junit-platform-engine-1.11.0-M2.jar:/var/maven/.m2/repository/org/assertj/assertj-core/3.23.1/assertj-core-3.23.1.jar:/var/maven/.m2/repository/net/bytebuddy/byte-buddy/1.12.10/byte-buddy-1.12.10.jar:"/>
    <property name="sun.cpu.endian" value="little"/>
    <property name="user.home" value="/var/maven"/>
    <property name="user.language" value="en"/>
    <property name="java.specification.vendor" value="Oracle Corporation"/>
    <property name="java.version.date" value="2024-04-16"/>
    <property name="java.home" value="/opt/java/openjdk"/>
    <property name="file.separator" value="/"/>
    <property name="basedir" value="/build"/>
    <property name="java.vm.compressedOopsMode" value="Zero based"/>
    <property name="line.separator" value="&#10;"/>
    <property name="java.specification.name" value="Java Platform API Specification"/>
    <property name="java.vm.specification.vendor" value="Oracle Corporation"/>
    <property name="surefire.real.class.path" value="/build/target/surefire/surefirebooter-20240618095024877_3.jar"/>
    <property name="sun.management.compiler" value="HotSpot 64-Bit Tiered Compilers"/>
    <property name="java.runtime.version" value="21.0.3+9-LTS"/>
    <property name="user.name" value="?"/>
    <property name="stdout.encoding" value="UTF-8"/>
    <property name="path.separator" value=":"/>
    <property name="os.version" value="5.15.0-107-generic"/>
    <property name="java.runtime.name" value="OpenJDK Runtime Environment"/>
    <property name="file.encoding" value="UTF-8"/>
    <property name="java.vm.name" value="OpenJDK 64-Bit Server VM"/>
    <property name="java.vendor.version" value="Temurin-21.0.3+9"/>
    <property name="localRepository" value="/var/maven/.m2/repository"/>
    <property name="java.vendor.url.bug" value="https://github.com/adoptium/adoptium-support/issues"/>
    <property name="java.io.tmpdir" value="/tmp"/>
    <property name="java.version" value="21.0.3"/>
    <property name="user.dir" value="/build"/>
    <property name="os.arch" value="amd64"/>
    <property name="java.vm.specification.name" value="Java Virtual Machine Specification"/>
    <property name="native.encoding" value="UTF-8"/>
    <property name="java.library.path" value="/opt/java/openjdk/lib/server:/opt/java/openjdk/lib:/opt/java/openjdk/../lib:/usr/java/packages/lib:/usr/lib64:/lib64:/lib:/usr/lib"/>
    <property name="java.vm.info" value="mixed mode, sharing"/>
    <property name="stderr.encoding" value="UTF-8"/>
    <property name="java.vendor" value="Eclipse Adoptium"/>
    <property name="java.vm.version" value="21.0.3+9-LTS"/>
    <property name="sun.io.unicode.encoding" value="UnicodeLittle"/>
    <property name="java.class.version" value="65.0"/>
  </properties>
  <testcase name="test" classname="test.checks.abc" time="1.514">
    <failure message="No issue raised. At least one issue expected" type="java.lang.AssertionError"><![CDATA[java.lang.AssertionError: No issue raised. At least one issue expected
	at org.sonar.java.checks.verifier.internal.InternalCheckVerifier.assertMultipleIssues(InternalCheckVerifier.java:396)
	at org.sonar.java.checks.verifier.internal.InternalCheckVerifier.checkIssues(InternalCheckVerifier.java:336)
	at org.sonar.java.checks.verifier.internal.InternalCheckVerifier.verifyAll(InternalCheckVerifier.java:324)
	at org.sonar.java.checks.verifier.internal.InternalCheckVerifier.verifyIssues(InternalCheckVerifier.java:256)
	at test.checks.abc.test(abc.java:13)
	at java.base/java.lang.reflect.Method.invoke(Method.java:580)
	at java.base/java.util.ArrayList.forEach(ArrayList.java:1596)
	at java.base/java.util.ArrayList.forEach(ArrayList.java:1596)
]]></failure>
    <system-err><![CDATA[SLF4J: Failed to load class "org.slf4j.impl.StaticLoggerBinder".
SLF4J: Defaulting to no-operation (NOP) logger implementation
SLF4J: See http://www.slf4j.org/codes.html#StaticLoggerBinder for further details.
]]></system-err>
  </testcase>
</testsuite>
