../testsuite_only_tag/TEST-test.def.xml