../testsuite_only_tag/TEST-test.checks.abc.xml